To honour the JVM settings for this build a single-use Daemon process will be forked. For more on this, please refer to https://docs.gradle.org/9.2.1/userguide/gradle_daemon.html#sec:disabling_the_daemon in the Gradle documentation.
Daemon will be stopped at the end of the build 
Reusing configuration cache.
> Task :cacheVersionManifest1.21.1 UP-TO-DATE
> Task :neoFormJoined1.21.1-20240808.144430ExtractNatives UP-TO-DATE
> Task :processResources UP-TO-DATE
> Task :neoFormJoined1.21.1-20240808.144430DownloadAssets UP-TO-DATE
> Task :neoFormListLibraries UP-TO-DATE
> Task :cacheVersionExecutableServer1.21.1 UP-TO-DATE
> Task :cacheVersionMappingsClient1.21.1 UP-TO-DATE
> Task :cacheVersionExecutableClient1.21.1 UP-TO-DATE
> Task :cacheVersionExtractedServer1.21.1 UP-TO-DATE
> Task :create1.21.1ClientExtraJar UP-TO-DATE
> Task :neoFormStripServer UP-TO-DATE
> Task :selectRawArtifactNg_dummy_ng.net.minecraft_client_1.21.1_client-extra UP-TO-DATE
> Task :neoFormStripClient UP-TO-DATE
> Task :neoFormMergeMappings UP-TO-DATE
> Task :neoFormMerge UP-TO-DATE
> Task :neoFormRename UP-TO-DATE
> Task :neoFormDecompile UP-TO-DATE
> Task :neoFormListTransformLibraries UP-TO-DATE
> Task :neoFormInject UP-TO-DATE
> Task :neoFormPatch UP-TO-DATE
> Task :neoFormPatchUserDev UP-TO-DATE
> Task :neoFormTransformSource UP-TO-DATE
> Task :neoFormRecompile UP-TO-DATE
> Task :supplyRawJarForneoFormJoined1.21.1-20240808.144430 UP-TO-DATE
> Task :selectRawArtifactNg_dummy_ng.net.neoforged_neoforge_21.1.234 UP-TO-DATE
> Task :writeMinecraftClasspathClient UP-TO-DATE
> Task :compileJava UP-TO-DATE
> Task :classes UP-TO-DATE

> Task :runClient
[22:14:48.364] [main/INFO] [Launcher/MODLAUNCHER]: ModLauncher running: args [--launchTarget, forgeclientdev, --version, 21.1.234, --assetIndex, asset-index, --assetsDir, C:\Users\tomam\.gradle\caches\minecraft\assets, --gameDir, ., --fml.fmlVersion, 4.0.42, --fml.mcVersion, 1.21.1, --fml.neoForgeVersion, 21.1.234, --fml.neoFormVersion, 20240808.144430] 
[22:14:48.368] [main/INFO] [Launcher/MODLAUNCHER]: JVM identified as Eclipse Adoptium OpenJDK 64-Bit Server VM 21.0.11+10-LTS 
[22:14:48.370] [main/INFO] [Launcher/MODLAUNCHER]: ModLauncher 11.0.5+main.901c6ea8 starting: java version 21.0.11 by Eclipse Adoptium; OS Windows 11 arch amd64 version 10.0 
[22:14:48.475] [main/INFO] [loading.ImmediateWindowHandler/]: Loading ImmediateWindowProvider fmlearlywindow 
[22:14:48.575] [main/INFO] [EARLYDISPLAY/]: Trying GL version 4.6 
[22:14:48.703] [main/INFO] [EARLYDISPLAY/]: Requested GL version 4.6 got version 4.6 
[22:14:48.779] [main/INFO] [mixin/]: SpongePowered MIXIN Subsystem Version=0.8.7 Source=union:/C:/Users/tomam/.gradle/caches/modules-2/files-2.1/net.fabricmc/sponge-mixin/0.15.2+mixin.0.8.7/2af2f021d8e02a0220dc27a7a72b4666d66d44ca/sponge-mixin-0.15.2+mixin.0.8.7.jar%23142!/ Service=ModLauncher Env=CLIENT 
[22:14:48.868] [main/INFO] [loading.moddiscovery.ModDiscoverer/SCAN]: Found mod file "neoforge-21.1.234.jar" [locator: neoforge devenv provider ([E:\RTM_MOD\mods\mcte_1.21.1_port\.gradle\repositories\ng_dummy_ng\net\neoforged\neoforge\21.1.234\neoforge-21.1.234.jar])] 
[22:14:48.878] [pool-2-thread-1/INFO] [EARLYDISPLAY/]: GL info: NVIDIA GeForce GTX 1080 Ti/PCIe/SSE2 GL version 4.6.0 NVIDIA 582.66, NVIDIA Corporation 
[22:14:48.891] [main/INFO] [loading.moddiscovery.ModDiscoverer/SCAN]: Found mod file "neoforge-21.1.234.jar" [locator: neoforge devenv provider ([E:\RTM_MOD\mods\mcte_1.21.1_port\.gradle\repositories\ng_dummy_ng\net\neoforged\neoforge\21.1.234\neoforge-21.1.234.jar])] 
[22:14:48.904] [main/INFO] [loading.moddiscovery.ModDiscoverer/SCAN]: Found mod file "main" [locator: userdev mods and services, reader: mod manifest] 
[22:14:48.916] [main/INFO] [loading.moddiscovery.ModDiscoverer/SCAN]: Found mod file "neoforge-21.1.234.jar" [locator: userdev mods and services, reader: mod manifest] 
[22:14:48.976] [main/INFO] [loading.moddiscovery.ModDiscoverer/SCAN]: Found gamelibrary file "mixinextras-neoforge-0.5.3.jar" [locator: userdev mods and services, reader: mod manifest] 
[22:14:49.105] [main/WARN] [selection.JarSelector/]: Attempted to select a dependency jar for JarJar which was passed in as source: library:mixinextras.neoforge. Using Mod File: C:\Users\tomam\.gradle\caches\modules-2\files-2.1\io.github.llamalad7\mixinextras-neoforge\0.5.3\a0919957808de97707c5fb4ce073e66aeef3e187\mixinextras-neoforge-0.5.3.jar 
[22:14:49.105] [main/INFO] [loading.moddiscovery.locators.JarInJarDependencyLocator/]: Found 1 dependencies adding them to mods collection 
[22:14:49.105] [main/INFO] [loading.moddiscovery.ModDiscoverer/SCAN]: Found library file "net.neoforged.neoforge-coremods-21.1.234.jar" [parent: neoforge-21.1.234.jar, locator: jarinjar, reader: mod manifest] 
[22:14:49.106] [main/INFO] [loading.moddiscovery.ModDiscoverer/]: 
     Mod List:
		Name Version (Mod Id)

		MCTerrainEditor 1.21.1 Port 2.4.12-1.21.1-alpha1 (mcte)
		Minecraft 1.21.1 (minecraft)
		NeoForge 21.1.234 (neoforge) 
[22:14:49.639] [main/INFO] [LaunchServiceHandler/MODLAUNCHER]: Launching target 'forgeclientdev' with arguments [--version, 21.1.234, --gameDir, ., --assetsDir, C:\Users\tomam\.gradle\caches\minecraft\assets, --assetIndex, asset-index] 
WARN StatusConsoleListener Advanced terminal features are not available in this environment
[22:14:51] [main/DEBUG] [io.ne.ut.in.lo.InternalLoggerFactory/]: Using SLF4J as the default logging framework
[22:14:51] [main/DEBUG] [io.ne.ut.ResourceLeakDetector/]: -Dio.netty.leakDetection.level: simple
[22:14:51] [main/DEBUG] [io.ne.ut.ResourceLeakDetector/]: -Dio.netty.leakDetection.targetRecords: 4
[22:14:53] [main/DEBUG] [os.ut.FileUtil/]: No oshi.properties file found from ClassLoader cpw.mods.modlauncher.TransformingClassLoader@21a66d45
[22:14:53] [main/DEBUG] [os.ut.FileUtil/]: No oshi.architecture.properties file found from ClassLoader cpw.mods.modlauncher.TransformingClassLoader@21a66d45
[22:14:54] [pool-7-thread-1/INFO] [MixinExtras|Service/]: Initializing MixinExtras via com.llamalad7.mixinextras.service.MixinExtrasServiceImpl(version=0.5.3).
[22:14:54] [pool-7-thread-1/DEBUG] [mixin/]: Registering new injector for @SugarWrapper with com.llamalad7.mixinextras.sugar.impl.SugarWrapperInjectionInfo
[22:14:54] [pool-7-thread-1/DEBUG] [mixin/]: Registering new injector for @FactoryRedirectWrapper with com.llamalad7.mixinextras.wrapper.factory.FactoryRedirectWrapperInjectionInfo
[22:14:54] [pool-7-thread-1/DEBUG] [mixin/]: Registering new injector for @ExpressionInjectorWrapper with com.llamalad7.mixinextras.expression.impl.wrapper.ExpressionInjectorWrapperInjectionInfo
[22:14:54] [pool-7-thread-1/DEBUG] [mixin/]: Mixing MappedRegistryAccessor from neoforge.mixins.json into net.minecraft.core.MappedRegistry
[22:14:54] [pool-7-thread-1/DEBUG] [mixin/]: neoforge.mixins.json:MappedRegistryAccessor from mod neoforge: Class version 65 required is higher than the class version supported by the current version of Mixin (JAVA_16 supports class version 60)
[22:14:55] [Datafixer Bootstrap/INFO] [mojang/DataFixerBuilder]: 229 Datafixer optimizations took 1962 milliseconds
[22:14:56] [pool-7-thread-1/DEBUG] [mixin/]: Mixing BlockEntityTypeAccessor from neoforge.mixins.json into net.minecraft.world.level.block.entity.BlockEntityType
[22:14:56] [pool-7-thread-1/DEBUG] [mixin/]: neoforge.mixins.json:BlockEntityTypeAccessor from mod neoforge: Class version 65 required is higher than the class version supported by the current version of Mixin (JAVA_16 supports class version 60)
[22:14:59] [pool-7-thread-1/DEBUG] [io.ne.ut.in.PlatformDependent0/]: -Dio.netty.noUnsafe: false
[22:14:59] [pool-7-thread-1/DEBUG] [io.ne.ut.in.PlatformDependent0/]: Java version: 21
[22:14:59] [pool-7-thread-1/DEBUG] [io.ne.ut.in.PlatformDependent0/]: sun.misc.Unsafe.theUnsafe: available
[22:14:59] [pool-7-thread-1/DEBUG] [io.ne.ut.in.PlatformDependent0/]: sun.misc.Unsafe.copyMemory: available
[22:14:59] [pool-7-thread-1/DEBUG] [io.ne.ut.in.PlatformDependent0/]: sun.misc.Unsafe.storeFence: available
[22:14:59] [pool-7-thread-1/DEBUG] [io.ne.ut.in.PlatformDependent0/]: java.nio.Buffer.address: available
[22:14:59] [pool-7-thread-1/DEBUG] [io.ne.ut.in.PlatformDependent0/]: java.nio.Bits.unaligned: available, true
[22:14:59] [pool-7-thread-1/DEBUG] [io.ne.ut.in.PlatformDependent0/]: java.nio.DirectByteBuffer.<init>(long, {int,long}): unavailable
[22:14:59] [pool-7-thread-1/DEBUG] [io.ne.ut.in.PlatformDependent/]: sun.misc.Unsafe: available
[22:14:59] [pool-7-thread-1/DEBUG] [io.ne.ut.in.PlatformDependent/]: maxDirectMemory: 8543797248 bytes (maybe)
[22:14:59] [pool-7-thread-1/DEBUG] [io.ne.ut.in.PlatformDependent/]: -Dio.netty.tmpdir: C:\Users\tomam\AppData\Local\Temp (java.io.tmpdir)
[22:14:59] [pool-7-thread-1/DEBUG] [io.ne.ut.in.PlatformDependent/]: -Dio.netty.bitMode: 64 (sun.arch.data.model)
[22:14:59] [pool-7-thread-1/DEBUG] [io.ne.ut.in.PlatformDependent/]: Platform: Windows
[22:14:59] [pool-7-thread-1/DEBUG] [io.ne.ut.in.PlatformDependent/]: -Dio.netty.maxDirectMemory: -1 bytes
[22:14:59] [pool-7-thread-1/DEBUG] [io.ne.ut.in.PlatformDependent/]: -Dio.netty.uninitializedArrayAllocationThreshold: -1
[22:14:59] [pool-7-thread-1/DEBUG] [io.ne.ut.in.CleanerJava9/]: java.nio.ByteBuffer.cleaner(): available
[22:14:59] [pool-7-thread-1/DEBUG] [io.ne.ut.in.PlatformDependent/]: -Dio.netty.noPreferDirect: false
[22:15:03] [pool-7-thread-1/DEBUG] [ne.ne.ne.re.GameData/REGISTRIES]: Creating vanilla freeze snapshot
[22:15:03] [pool-7-thread-1/DEBUG] [ne.ne.ne.re.GameData/REGISTRIES]: Vanilla freeze snapshot created
[22:15:04] [main/WARN] [minecraft/Commands]: Ambiguity between arguments [teleport, location] and [teleport, destination] with inputs: [0.1 -0.5 .9, 0 0 0]
[22:15:04] [main/WARN] [minecraft/Commands]: Ambiguity between arguments [teleport, location] and [teleport, targets] with inputs: [0.1 -0.5 .9, 0 0 0]
[22:15:04] [main/WARN] [minecraft/Commands]: Ambiguity between arguments [teleport, destination] and [teleport, targets] with inputs: [Player, 0123, @e, dd12be42-52a9-4a91-a8a1-11c01849e498]
[22:15:04] [main/WARN] [minecraft/Commands]: Ambiguity between arguments [teleport, targets] and [teleport, destination] with inputs: [Player, 0123, dd12be42-52a9-4a91-a8a1-11c01849e498]
[22:15:04] [main/WARN] [minecraft/Commands]: Ambiguity between arguments [teleport, targets, location] and [teleport, targets, destination] with inputs: [0.1 -0.5 .9, 0 0 0]
[22:15:04] [Render thread/WARN] [minecraft/VanillaPackResourcesBuilder]: Assets URL 'union:/E:/RTM_MOD/mods/mcte_1.21.1_port/.gradle/repositories/ng_dummy_ng/net/neoforged/neoforge/21.1.234/neoforge-21.1.234.jar%23195!/assets/.mcassetsroot' uses unexpected schema
[22:15:04] [Render thread/WARN] [minecraft/VanillaPackResourcesBuilder]: Assets URL 'union:/E:/RTM_MOD/mods/mcte_1.21.1_port/.gradle/repositories/ng_dummy_ng/net/neoforged/neoforge/21.1.234/neoforge-21.1.234.jar%23195!/data/.mcassetsroot' uses unexpected schema
[22:15:04] [Render thread/INFO] [mojang/YggdrasilAuthenticationService]: Environment: Environment[sessionHost=https://sessionserver.mojang.com, servicesHost=https://api.minecraftservices.com, name=PROD]
[22:15:04] [Render thread/INFO] [minecraft/Minecraft]: Setting user: Dev
[22:15:04] [Render thread/INFO] [minecraft/Minecraft]: Backend library: LWJGL version 3.3.3+5
[22:15:04] [Render thread/DEBUG] [ne.ne.fm.ModWorkManager/LOADING]: Using 20 threads for parallel mod-loading
[22:15:04] [Render thread/DEBUG] [ne.ne.fm.ja.FMLModContainer/LOADING]: Creating FMLModContainer instance for [com.ngt5479.mcte.MCTE]
[22:15:05] [Render thread/DEBUG] [ne.ne.fm.ja.FMLModContainer/LOADING]: Creating FMLModContainer instance for [net.neoforged.neoforge.common.NeoForgeMod, net.neoforged.neoforge.client.ClientNeoForgeMod]
[22:15:05] [modloading-worker-0/DEBUG] [ne.ne.ne.in.ve.ne.NeoForgeVersion/CORE]: Found NeoForge version 21.1.234
[22:15:05] [modloading-worker-0/DEBUG] [ne.ne.ne.in.ve.ne.NeoForgeVersion/CORE]: Found FML version 4.0.42
[22:15:05] [modloading-worker-0/INFO] [ne.ne.ne.co.NeoForgeMod/NEOFORGE-MOD]: NeoForge mod loading, version 21.1.234, for MC 1.21.1
[22:15:05] [modloading-worker-0/DEBUG] [ne.ne.fm.ja.AutomaticEventSubscriber/LOADING]: Attempting to inject @EventBusSubscriber classes into the eventbus for mcte
[22:15:05] [modloading-worker-0/DEBUG] [ne.ne.fm.ja.AutomaticEventSubscriber/LOADING]: Scanning class com.ngt5479.mcte.MCTEClientEvents for @SubscribeEvent-annotated methods
[22:15:05] [modloading-worker-0/DEBUG] [ne.ne.fm.ja.AutomaticEventSubscriber/]: Subscribing @EventBusSubscriber class Lcom/ngt5479/mcte/MCTEClientEvents; to the game event bus
[22:15:05] [modloading-worker-0/DEBUG] [ne.ne.fm.ja.AutomaticEventSubscriber/LOADING]: Scanning class com.ngt5479.mcte.MCTEKeyHandlerClient for @SubscribeEvent-annotated methods
[22:15:05] [modloading-worker-0/DEBUG] [ne.ne.fm.ja.AutomaticEventSubscriber/]: Subscribing @EventBusSubscriber class Lcom/ngt5479/mcte/MCTEKeyHandlerClient; to the mod event bus of mod mcte
[22:15:05] [modloading-worker-0/DEBUG] [ne.ne.fm.co.ConfigTracker/CONFIG]: Config file neoforge-client.toml for neoforge tracking
[22:15:05] [modloading-worker-0/DEBUG] [ne.ne.fm.co.ConfigTracker/CONFIG]: Config file neoforge-server.toml for neoforge tracking
[22:15:05] [modloading-worker-0/DEBUG] [ne.ne.fm.co.ConfigTracker/CONFIG]: Config file neoforge-common.toml for neoforge tracking
[22:15:05] [modloading-worker-0/DEBUG] [ne.ne.fm.ja.AutomaticEventSubscriber/LOADING]: Attempting to inject @EventBusSubscriber classes into the eventbus for neoforge
[22:15:05] [modloading-worker-0/DEBUG] [ne.ne.fm.ja.AutomaticEventSubscriber/LOADING]: Scanning class net.neoforged.neoforge.server.command.ConfigCommand for @SubscribeEvent-annotated methods
[22:15:05] [modloading-worker-0/DEBUG] [ne.ne.fm.ja.AutomaticEventSubscriber/]: Subscribing @EventBusSubscriber class Lnet/neoforged/neoforge/server/command/ConfigCommand; to the game event bus
[22:15:05] [modloading-worker-0/DEBUG] [ne.ne.fm.ja.AutomaticEventSubscriber/LOADING]: Scanning class net.neoforged.neoforge.network.NetworkInitialization for @SubscribeEvent-annotated methods
[22:15:05] [modloading-worker-0/DEBUG] [ne.ne.fm.ja.AutomaticEventSubscriber/]: Subscribing @EventBusSubscriber class Lnet/neoforged/neoforge/network/NetworkInitialization; to the mod event bus of mod neoforge
[22:15:05] [modloading-worker-0/DEBUG] [ne.ne.fm.ja.AutomaticEventSubscriber/LOADING]: Scanning class net.neoforged.neoforge.network.filters.GenericPacketSplitter for @SubscribeEvent-annotated methods
[22:15:05] [modloading-worker-0/DEBUG] [io.ne.bu.AbstractByteBuf/]: -Dio.netty.buffer.checkAccessible: true
[22:15:05] [modloading-worker-0/DEBUG] [io.ne.bu.AbstractByteBuf/]: -Dio.netty.buffer.checkBounds: true
[22:15:05] [modloading-worker-0/DEBUG] [io.ne.ut.ResourceLeakDetectorFactory/]: Loaded default ResourceLeakDetector: io.netty.util.ResourceLeakDetector@d87cfba
[22:15:05] [modloading-worker-0/DEBUG] [io.ne.ut.in.InternalThreadLocalMap/]: -Dio.netty.threadLocalMap.stringBuilder.initialSize: 1024
[22:15:05] [modloading-worker-0/DEBUG] [io.ne.ut.in.InternalThreadLocalMap/]: -Dio.netty.threadLocalMap.stringBuilder.maxSize: 4096
[22:15:05] [modloading-worker-0/DEBUG] [io.ne.bu.PooledByteBufAllocator/]: -Dio.netty.allocator.numHeapArenas: 40
[22:15:05] [modloading-worker-0/DEBUG] [io.ne.bu.PooledByteBufAllocator/]: -Dio.netty.allocator.numDirectArenas: 40
[22:15:05] [modloading-worker-0/DEBUG] [io.ne.bu.PooledByteBufAllocator/]: -Dio.netty.allocator.pageSize: 8192
[22:15:05] [modloading-worker-0/DEBUG] [io.ne.bu.PooledByteBufAllocator/]: -Dio.netty.allocator.maxOrder: 9
[22:15:05] [modloading-worker-0/DEBUG] [io.ne.bu.PooledByteBufAllocator/]: -Dio.netty.allocator.chunkSize: 4194304
[22:15:05] [modloading-worker-0/DEBUG] [io.ne.bu.PooledByteBufAllocator/]: -Dio.netty.allocator.smallCacheSize: 256
[22:15:05] [modloading-worker-0/DEBUG] [io.ne.bu.PooledByteBufAllocator/]: -Dio.netty.allocator.normalCacheSize: 64
[22:15:05] [modloading-worker-0/DEBUG] [io.ne.bu.PooledByteBufAllocator/]: -Dio.netty.allocator.maxCachedBufferCapacity: 32768
[22:15:05] [modloading-worker-0/DEBUG] [io.ne.bu.PooledByteBufAllocator/]: -Dio.netty.allocator.cacheTrimInterval: 8192
[22:15:05] [modloading-worker-0/DEBUG] [io.ne.bu.PooledByteBufAllocator/]: -Dio.netty.allocator.cacheTrimIntervalMillis: 0
[22:15:05] [modloading-worker-0/DEBUG] [io.ne.bu.PooledByteBufAllocator/]: -Dio.netty.allocator.useCacheForAllThreads: false
[22:15:05] [modloading-worker-0/DEBUG] [io.ne.bu.PooledByteBufAllocator/]: -Dio.netty.allocator.maxCachedByteBuffersPerChunk: 1023
[22:15:05] [modloading-worker-0/DEBUG] [io.ne.bu.ByteBufUtil/]: -Dio.netty.allocator.type: pooled
[22:15:05] [modloading-worker-0/DEBUG] [io.ne.bu.ByteBufUtil/]: -Dio.netty.threadLocalDirectBufferSize: 0
[22:15:05] [modloading-worker-0/DEBUG] [io.ne.bu.ByteBufUtil/]: -Dio.netty.maxThreadLocalCharBufferSize: 16384
[22:15:05] [modloading-worker-0/DEBUG] [ne.ne.fm.ja.AutomaticEventSubscriber/]: Subscribing @EventBusSubscriber class Lnet/neoforged/neoforge/network/filters/GenericPacketSplitter; to the mod event bus of mod neoforge
[22:15:05] [modloading-worker-0/DEBUG] [ne.ne.fm.ja.AutomaticEventSubscriber/LOADING]: Scanning class net.neoforged.neoforge.network.ConfigurationInitialization for @SubscribeEvent-annotated methods
[22:15:05] [modloading-worker-0/DEBUG] [ne.ne.fm.ja.AutomaticEventSubscriber/]: Subscribing @EventBusSubscriber class Lnet/neoforged/neoforge/network/ConfigurationInitialization; to the mod event bus of mod neoforge
[22:15:05] [modloading-worker-0/DEBUG] [ne.ne.fm.ja.AutomaticEventSubscriber/LOADING]: Scanning class net.neoforged.neoforge.common.MonsterRoomHooks for @SubscribeEvent-annotated methods
[22:15:05] [modloading-worker-0/DEBUG] [ne.ne.fm.ja.AutomaticEventSubscriber/]: Subscribing @EventBusSubscriber class Lnet/neoforged/neoforge/common/MonsterRoomHooks; to the game event bus
[22:15:05] [modloading-worker-0/DEBUG] [ne.ne.fm.ja.AutomaticEventSubscriber/LOADING]: Scanning class net.neoforged.neoforge.common.DeferredSpawnEggItem$CommonHandler for @SubscribeEvent-annotated methods
[22:15:05] [modloading-worker-0/DEBUG] [ne.ne.fm.ja.AutomaticEventSubscriber/]: Subscribing @EventBusSubscriber class Lnet/neoforged/neoforge/common/DeferredSpawnEggItem$CommonHandler; to the mod event bus of mod neoforge
[22:15:05] [modloading-worker-0/DEBUG] [ne.ne.fm.ja.AutomaticEventSubscriber/LOADING]: Scanning class net.neoforged.neoforge.common.DeferredSpawnEggItem$ColorRegisterHandler for @SubscribeEvent-annotated methods
[22:15:05] [modloading-worker-0/DEBUG] [ne.ne.fm.ja.AutomaticEventSubscriber/]: Subscribing @EventBusSubscriber class Lnet/neoforged/neoforge/common/DeferredSpawnEggItem$ColorRegisterHandler; to the mod event bus of mod neoforge
[22:15:05] [modloading-worker-0/DEBUG] [ne.ne.fm.ja.AutomaticEventSubscriber/LOADING]: Scanning class net.neoforged.neoforge.client.ParticleBoundsDebugRenderer for @SubscribeEvent-annotated methods
[22:15:05] [modloading-worker-0/DEBUG] [ne.ne.fm.ja.AutomaticEventSubscriber/]: Subscribing @EventBusSubscriber class Lnet/neoforged/neoforge/client/ParticleBoundsDebugRenderer; to the game event bus
[22:15:05] [modloading-worker-0/DEBUG] [ne.ne.fm.ja.AutomaticEventSubscriber/LOADING]: Scanning class net.neoforged.neoforge.client.model.data.ModelDataManager for @SubscribeEvent-annotated methods
[22:15:05] [modloading-worker-0/DEBUG] [ne.ne.fm.ja.AutomaticEventSubscriber/]: Subscribing @EventBusSubscriber class Lnet/neoforged/neoforge/client/model/data/ModelDataManager; to the game event bus
[22:15:05] [modloading-worker-0/DEBUG] [ne.ne.fm.ja.AutomaticEventSubscriber/LOADING]: Scanning class net.neoforged.neoforge.client.ClientHooks$ClientEvents for @SubscribeEvent-annotated methods
[22:15:05] [modloading-worker-0/DEBUG] [ne.ne.fm.ja.AutomaticEventSubscriber/]: Subscribing @EventBusSubscriber class Lnet/neoforged/neoforge/client/ClientHooks$ClientEvents; to the mod event bus of mod neoforge
[22:15:05] [modloading-worker-0/DEBUG] [ne.ne.fm.ja.AutomaticEventSubscriber/LOADING]: Scanning class net.neoforged.neoforge.client.BlockEntityRenderBoundsDebugRenderer for @SubscribeEvent-annotated methods
[22:15:05] [modloading-worker-0/DEBUG] [ne.ne.fm.ja.AutomaticEventSubscriber/]: Subscribing @EventBusSubscriber class Lnet/neoforged/neoforge/client/BlockEntityRenderBoundsDebugRenderer; to the game event bus
[22:15:05] [modloading-worker-0/DEBUG] [ne.ne.fm.ja.AutomaticEventSubscriber/LOADING]: Scanning class net.neoforged.neoforge.attachment.AttachmentSync for @SubscribeEvent-annotated methods
[22:15:05] [modloading-worker-0/DEBUG] [ne.ne.fm.ja.AutomaticEventSubscriber/]: Subscribing @EventBusSubscriber class Lnet/neoforged/neoforge/attachment/AttachmentSync; to the game event bus
[22:15:05] [modloading-worker-0/DEBUG] [ne.ne.fm.ja.AutomaticEventSubscriber/LOADING]: Scanning class net.neoforged.neoforge.attachment.AttachmentInternals for @SubscribeEvent-annotated methods
[22:15:05] [modloading-worker-0/DEBUG] [ne.ne.fm.ja.AutomaticEventSubscriber/]: Subscribing @EventBusSubscriber class Lnet/neoforged/neoforge/attachment/AttachmentInternals; to the game event bus
[22:15:05] [modloading-sync-worker/DEBUG] [ne.ne.ne.re.GameData/REGISTRIES]: Unfreezing registries
[22:15:06] [modloading-sync-worker/DEBUG] [ne.ne.ne.re.GameData/REGISTRIES]: Freezing registries
[22:15:06] [modloading-sync-worker/DEBUG] [ne.ne.ne.re.GameData/REGISTRIES]: All registries frozen
[22:15:06] [modloading-sync-worker/DEBUG] [ne.ne.fm.co.ConfigTracker/CONFIG]: Loading configs type CLIENT
[22:15:06] [modloading-sync-worker/DEBUG] [ne.ne.ne.co.NeoForgeConfig/FORGEMOD]: Loaded NeoForge config file neoforge-client.toml
[22:15:06] [modloading-sync-worker/DEBUG] [ne.ne.fm.co.ConfigTracker/CONFIG]: Loaded TOML config file E:\RTM_MOD\mods\mcte_1.21.1_port\run\client\config\neoforge-client.toml
[22:15:06] [modloading-sync-worker/DEBUG] [ne.ne.fm.co.ConfigTracker/CONFIG]: Watching TOML config file E:\RTM_MOD\mods\mcte_1.21.1_port\run\client\config\neoforge-client.toml for changes
[22:15:06] [modloading-sync-worker/DEBUG] [ne.ne.fm.co.ConfigTracker/CONFIG]: Loading configs type COMMON
[22:15:06] [modloading-sync-worker/DEBUG] [ne.ne.ne.co.NeoForgeConfig/FORGEMOD]: Loaded NeoForge config file neoforge-common.toml
[22:15:06] [modloading-sync-worker/DEBUG] [ne.ne.fm.co.ConfigTracker/CONFIG]: Loaded TOML config file E:\RTM_MOD\mods\mcte_1.21.1_port\run\client\config\neoforge-common.toml
[22:15:06] [modloading-sync-worker/DEBUG] [ne.ne.fm.co.ConfigTracker/CONFIG]: Watching TOML config file E:\RTM_MOD\mods\mcte_1.21.1_port\run\client\config\neoforge-common.toml for changes
[22:15:06] [Render thread/INFO] [ne.ne.ne.ga.GameTestHooks/]: Enabled Gametest Namespaces: [mcte]
[22:15:06] [Render thread/INFO] [minecraft/ReloadableResourceManager]: Reloading ResourceManager: vanilla, mod_resources, mod/mcte, mod/neoforge
[22:15:07] [Render thread/DEBUG] [ne.ne.fm.DeferredWorkQueue/LOADING]: Dispatching synchronous work for work queue Common setup: 1 jobs
[22:15:07] [Render thread/DEBUG] [ne.ne.fm.DeferredWorkQueue/LOADING]: Synchronous work queue completed in 2.927 ms
[22:15:08] [Worker-Main-15/INFO] [minecraft/UnihexProvider]: Found unifont_all_no_pua-15.1.05.hex, loading
[22:15:08] [Worker-Main-9/INFO] [minecraft/UnihexProvider]: Found unifont_jp_patch-15.1.05.hex, loading
[22:15:10] [Render thread/WARN] [minecraft/SoundEngine]: Missing sound for event: minecraft:item.goat_horn.play
[22:15:10] [Render thread/WARN] [minecraft/SoundEngine]: Missing sound for event: minecraft:entity.goat.screaming.horn_break
[22:15:11] [Render thread/INFO] [mojang/Library]: OpenAL initialized on device OpenAL Soft on Haut-parleurs (Logitech PRO X Gaming Headset)
[22:15:11] [Render thread/INFO] [minecraft/SoundEngine]: Sound engine started
[22:15:11] [Render thread/INFO] [minecraft/TextureAtlas]: Created: 1024x512x4 minecraft:textures/atlas/blocks.png-atlas
[22:15:11] [Render thread/INFO] [minecraft/TextureAtlas]: Created: 256x256x4 minecraft:textures/atlas/signs.png-atlas
[22:15:11] [Render thread/INFO] [minecraft/TextureAtlas]: Created: 512x512x4 minecraft:textures/atlas/shield_patterns.png-atlas
[22:15:11] [Render thread/INFO] [minecraft/TextureAtlas]: Created: 512x512x4 minecraft:textures/atlas/banner_patterns.png-atlas
[22:15:11] [Render thread/INFO] [minecraft/TextureAtlas]: Created: 1024x1024x4 minecraft:textures/atlas/armor_trims.png-atlas
[22:15:11] [Render thread/INFO] [minecraft/TextureAtlas]: Created: 128x64x4 minecraft:textures/atlas/decorated_pot.png-atlas
[22:15:11] [Render thread/INFO] [minecraft/TextureAtlas]: Created: 256x256x4 minecraft:textures/atlas/chest.png-atlas
[22:15:11] [Render thread/INFO] [minecraft/TextureAtlas]: Created: 512x256x4 minecraft:textures/atlas/beds.png-atlas
[22:15:11] [Render thread/INFO] [minecraft/TextureAtlas]: Created: 512x256x4 minecraft:textures/atlas/shulker_boxes.png-atlas
[22:15:11] [Render thread/INFO] [minecraft/TextureAtlas]: Created: 512x256x0 minecraft:textures/atlas/particles.png-atlas
[22:15:11] [Render thread/INFO] [minecraft/TextureAtlas]: Created: 512x256x0 minecraft:textures/atlas/paintings.png-atlas
[22:15:11] [Render thread/INFO] [minecraft/TextureAtlas]: Created: 256x128x0 minecraft:textures/atlas/mob_effects.png-atlas
[22:15:11] [Render thread/INFO] [minecraft/TextureAtlas]: Created: 64x64x0 minecraft:textures/atlas/map_decorations.png-atlas
[22:15:11] [Render thread/INFO] [minecraft/TextureAtlas]: Created: 1024x512x0 minecraft:textures/atlas/gui.png-atlas
[22:15:11] [Render thread/WARN] [minecraft/ShaderInstance]: Shader rendertype_entity_translucent_emissive could not find sampler named Sampler2 in the specified shader program.
[22:15:11] [Render thread/INFO] [ne.ne.ne.cl.en.an.js.AnimationLoader/]: Loaded 0 entity animations
[22:15:34] [Render thread/INFO] [minecraft/RecipeManager]: Loaded 1290 recipes
[22:15:34] [Render thread/INFO] [minecraft/AdvancementTree]: Loaded 1399 advancements
[22:15:34] [Render thread/DEBUG] [ne.ne.ne.co.CommonHooks/WP]: Gathered mod list to write to world save test
[22:15:34] [Server thread/INFO] [minecraft/IntegratedServer]: Starting integrated minecraft server version 1.21.1
[22:15:34] [Server thread/INFO] [minecraft/MinecraftServer]: Generating keypair
[22:15:34] [Server thread/DEBUG] [ne.ne.fm.co.ConfigTracker/CONFIG]: Loading configs type SERVER
[22:15:34] [Server thread/DEBUG] [ne.ne.ne.co.NeoForgeConfig/FORGEMOD]: Loaded NeoForge config file neoforge-server.toml
[22:15:34] [Server thread/DEBUG] [ne.ne.fm.co.ConfigTracker/CONFIG]: Loaded TOML config file E:\RTM_MOD\mods\mcte_1.21.1_port\run\client\config\neoforge-server.toml
[22:15:34] [Server thread/DEBUG] [ne.ne.fm.co.ConfigTracker/CONFIG]: Watching TOML config file E:\RTM_MOD\mods\mcte_1.21.1_port\run\client\config\neoforge-server.toml for changes
[22:15:35] [Server thread/INFO] [minecraft/MinecraftServer]: Preparing start region for dimension minecraft:overworld
[22:15:35] [progressListener/INFO] [minecraft/LoggerChunkProgressListener]: Preparing spawn area: 0%
[22:15:35] [Server thread/INFO] [ne.ne.ne.se.pe.PermissionAPI/]: Successfully initialized permission handler neoforge:default_handler
[22:15:35] [progressListener/INFO] [minecraft/LoggerChunkProgressListener]: Time elapsed: 313 ms
[22:15:35] [Server thread/INFO] [minecraft/IntegratedServer]: Changing view distance to 12, from 10
[22:15:35] [Server thread/INFO] [minecraft/IntegratedServer]: Changing simulation distance to 12, from 0
[22:15:35] [Render thread/DEBUG] [io.ne.ch.MultithreadEventLoopGroup/]: -Dio.netty.eventLoopThreads: 40
[22:15:35] [Render thread/DEBUG] [io.ne.ut.co.GlobalEventExecutor/]: -Dio.netty.globalEventExecutor.quietPeriodSeconds: 1
[22:15:35] [Render thread/DEBUG] [io.ne.ch.ni.NioEventLoop/]: -Dio.netty.noKeySetOptimization: false
[22:15:35] [Render thread/DEBUG] [io.ne.ch.ni.NioEventLoop/]: -Dio.netty.selectorAutoRebuildThreshold: 512
[22:15:35] [Render thread/DEBUG] [io.ne.ut.in.PlatformDependent/]: org.jctools-core.MpscChunkedArrayQueue: available
[22:15:35] [Render thread/DEBUG] [io.ne.ch.DefaultChannelId/]: -Dio.netty.processId: 16400 (auto-detected)
[22:15:35] [Render thread/DEBUG] [io.ne.ut.NetUtil/]: -Djava.net.preferIPv4Stack: false
[22:15:35] [Render thread/DEBUG] [io.ne.ut.NetUtil/]: -Djava.net.preferIPv6Addresses: system
[22:15:35] [Render thread/DEBUG] [io.ne.ut.NetUtilInitializations/]: Loopback interface: loopback_0 (Software Loopback Interface 1, 0:0:0:0:0:0:0:1)
[22:15:35] [Render thread/DEBUG] [io.ne.ut.NetUtil/]: Failed to get SOMAXCONN from sysctl and file \proc\sys\net\core\somaxconn. Default: 200
[22:15:35] [Render thread/DEBUG] [io.ne.ch.DefaultChannelId/]: -Dio.netty.machineId: e8:9c:25:ff:fe:dc:16:11 (auto-detected)
[22:15:36] [Render thread/DEBUG] [io.ne.ut.Recycler/]: -Dio.netty.recycler.maxCapacityPerThread: 4096
[22:15:36] [Render thread/DEBUG] [io.ne.ut.Recycler/]: -Dio.netty.recycler.ratio: 8
[22:15:36] [Render thread/DEBUG] [io.ne.ut.Recycler/]: -Dio.netty.recycler.chunkSize: 32
[22:15:36] [Render thread/DEBUG] [io.ne.ut.Recycler/]: -Dio.netty.recycler.blocking: false
[22:15:36] [Render thread/DEBUG] [io.ne.ut.Recycler/]: -Dio.netty.recycler.batchFastThreadLocalOnly: true
[22:15:36] [Netty Server IO #1/DEBUG] [ne.ne.ne.ne.fi.NetworkFilters/]: Injected net.neoforged.neoforge.network.filters.GenericPacketSplitter@7b71188c into net.minecraft.network.Connection@4c4d9e07
[22:15:36] [Netty Local Client IO #0/DEBUG] [ne.ne.ne.ne.fi.NetworkFilters/]: Injected net.neoforged.neoforge.network.filters.GenericPacketSplitter@1c61bdcf into net.minecraft.network.Connection@4a6f9d55
[22:15:36] [Netty Server IO #1/DEBUG] [ne.ne.ne.ne.fi.NetworkFilters/]: Injected net.neoforged.neoforge.network.filters.GenericPacketSplitter@329c4d9a into net.minecraft.network.Connection@4c4d9e07
[22:15:36] [Server thread/INFO] [minecraft/PlayerList]: Dev[local:E:083c386b] logged in with entity id 10 at (415.5521846253344, 71.7755382844462, -486.440643367572)
[22:15:36] [Server thread/INFO] [minecraft/MinecraftServer]: Dev joined the game
[22:15:36] [Render thread/INFO] [minecraft/AdvancementTree]: Loaded 46 advancements
[22:15:39] [Server thread/INFO] [minecraft/IntegratedServer]: Saving and pausing game...
[22:15:39] [Server thread/INFO] [minecraft/MinecraftServer]: Saving chunks for level 'ServerLevel[test]'/minecraft:overworld
[22:15:39] [Server thread/INFO] [minecraft/MinecraftServer]: Saving chunks for level 'ServerLevel[test]'/minecraft:the_end
[22:15:39] [Server thread/INFO] [minecraft/MinecraftServer]: Saving chunks for level 'ServerLevel[test]'/minecraft:the_nether
[22:15:39] [Server thread/DEBUG] [ne.ne.ne.co.CommonHooks/WP]: Gathered mod list to write to world save test
[22:15:55] [Server thread/INFO] [NGT/]: save snapshot:2ms
[22:15:55] [Render thread/INFO] [minecraft/ChatComponent]: [System] [CHAT] Copied selection
[22:16:06] [Server thread/INFO] [minecraft/IntegratedServer]: Saving and pausing game...
[22:16:06] [Server thread/INFO] [minecraft/MinecraftServer]: Saving chunks for level 'ServerLevel[test]'/minecraft:overworld
[22:16:06] [Server thread/INFO] [minecraft/MinecraftServer]: Saving chunks for level 'ServerLevel[test]'/minecraft:the_end
[22:16:06] [Server thread/INFO] [minecraft/MinecraftServer]: Saving chunks for level 'ServerLevel[test]'/minecraft:the_nether
[22:16:06] [Server thread/DEBUG] [ne.ne.ne.co.CommonHooks/WP]: Gathered mod list to write to world save test
[22:16:35] [Server thread/INFO] [minecraft/IntegratedServer]: Saving and pausing game...
[22:16:35] [Server thread/INFO] [minecraft/MinecraftServer]: Saving chunks for level 'ServerLevel[test]'/minecraft:overworld
[22:16:35] [Server thread/INFO] [minecraft/MinecraftServer]: Saving chunks for level 'ServerLevel[test]'/minecraft:the_end
[22:16:35] [Server thread/INFO] [minecraft/MinecraftServer]: Saving chunks for level 'ServerLevel[test]'/minecraft:the_nether
[22:16:35] [Server thread/DEBUG] [ne.ne.ne.co.CommonHooks/WP]: Gathered mod list to write to world save test
[22:16:37] [Render thread/INFO] [minecraft/ChatComponent]: [System] [CHAT] Set EditMode : 2
[22:16:38] [Render thread/INFO] [minecraft/ChatComponent]: [System] [CHAT] Set EditMode : 3
[22:16:39] [Render thread/INFO] [minecraft/ChatComponent]: [System] [CHAT] Set EditMode : 2
[22:16:40] [Render thread/INFO] [minecraft/ChatComponent]: [System] [CHAT] Set EditMode : 3
[22:16:42] [Render thread/INFO] [minecraft/ChatComponent]: [System] [CHAT] Set EditMode : 2
[22:16:44] [Server thread/INFO] [NGT/]: save snapshot:0ms
[22:16:44] [Render thread/INFO] [minecraft/ChatComponent]: [System] [CHAT] Pasted selection
[22:16:50] [Render thread/INFO] [minecraft/ChatComponent]: [System] [CHAT] Set EditMode : 3
[22:16:51] [Render thread/INFO] [minecraft/ChatComponent]: [System] [CHAT] Set EditMode : 2
[22:16:51] [Render thread/INFO] [minecraft/ChatComponent]: [System] [CHAT] Set EditMode : 3
[22:16:51] [Render thread/INFO] [minecraft/ChatComponent]: [System] [CHAT] Set EditMode : 2
[22:16:52] [Render thread/INFO] [minecraft/ChatComponent]: [System] [CHAT] Set EditMode : 3
[22:16:54] [Server thread/INFO] [NGT/]: save snapshot:1ms
[22:16:54] [Render thread/INFO] [minecraft/ChatComponent]: [System] [CHAT] Pasted selection
[22:16:58] [Render thread/INFO] [minecraft/ChatComponent]: [System] [CHAT] Set EditMode : 2
[22:17:00] [Server thread/INFO] [NGT/]: save snapshot:0ms
[22:17:00] [Render thread/INFO] [minecraft/ChatComponent]: [System] [CHAT] Pasted selection
[22:17:01] [Server thread/INFO] [NGT/]: save snapshot:0ms
[22:17:01] [Render thread/INFO] [minecraft/ChatComponent]: [System] [CHAT] Pasted selection
[22:17:02] [Render thread/INFO] [minecraft/ChatComponent]: [System] [CHAT] Set EditMode : 3
[22:17:04] [Render thread/INFO] [minecraft/ChatComponent]: [System] [CHAT] Set EditMode : 2
[22:17:05] [Server thread/INFO] [NGT/]: save snapshot:0ms
[22:17:05] [Render thread/INFO] [minecraft/ChatComponent]: [System] [CHAT] Pasted selection
[22:17:06] [Render thread/INFO] [minecraft/ChatComponent]: [System] [CHAT] Set EditMode : 3
[22:17:07] [Server thread/INFO] [NGT/]: save snapshot:0ms
[22:17:07] [Render thread/INFO] [minecraft/ChatComponent]: [System] [CHAT] Pasted selection
[22:17:15] [Server thread/INFO] [NGT/]: save snapshot:1ms
[22:17:15] [Render thread/INFO] [minecraft/ChatComponent]: [System] [CHAT] Pasted selection
[22:17:22] [Server thread/INFO] [minecraft/IntegratedServer]: Saving and pausing game...
[22:17:22] [Server thread/INFO] [minecraft/MinecraftServer]: Saving chunks for level 'ServerLevel[test]'/minecraft:overworld
[22:17:22] [Server thread/INFO] [minecraft/MinecraftServer]: Saving chunks for level 'ServerLevel[test]'/minecraft:the_end
[22:17:22] [Server thread/INFO] [minecraft/MinecraftServer]: Saving chunks for level 'ServerLevel[test]'/minecraft:the_nether
[22:17:22] [Server thread/DEBUG] [ne.ne.ne.co.CommonHooks/WP]: Gathered mod list to write to world save test
[22:18:02] [Server thread/INFO] [minecraft/IntegratedServer]: Saving and pausing game...
[22:18:02] [Server thread/INFO] [minecraft/MinecraftServer]: Saving chunks for level 'ServerLevel[test]'/minecraft:overworld
[22:18:02] [Server thread/INFO] [minecraft/MinecraftServer]: Saving chunks for level 'ServerLevel[test]'/minecraft:the_end
[22:18:02] [Server thread/INFO] [minecraft/MinecraftServer]: Saving chunks for level 'ServerLevel[test]'/minecraft:the_nether
[22:18:02] [Server thread/DEBUG] [ne.ne.ne.co.CommonHooks/WP]: Gathered mod list to write to world save test
[22:18:28] [Server thread/INFO] [minecraft/IntegratedServer]: Saving and pausing game...
[22:18:28] [Server thread/INFO] [minecraft/MinecraftServer]: Saving chunks for level 'ServerLevel[test]'/minecraft:overworld
[22:18:28] [Server thread/INFO] [minecraft/MinecraftServer]: Saving chunks for level 'ServerLevel[test]'/minecraft:the_end
[22:18:28] [Server thread/INFO] [minecraft/MinecraftServer]: Saving chunks for level 'ServerLevel[test]'/minecraft:the_nether
[22:18:28] [Server thread/DEBUG] [ne.ne.ne.co.CommonHooks/WP]: Gathered mod list to write to world save test
[22:18:28] [Render thread/INFO] [minecraft/Minecraft]: Stopping!
[22:18:29] [Server thread/INFO] [minecraft/ServerGamePacketListenerImpl]: Dev lost connection: Disconnected
[22:18:29] [Server thread/INFO] [minecraft/MinecraftServer]: Dev left the game
[22:18:29] [Server thread/INFO] [minecraft/ServerCommonPacketListenerImpl]: Stopping singleplayer server as player logged out
[22:18:29] [Server thread/INFO] [minecraft/MinecraftServer]: Stopping server
[22:18:29] [Server thread/INFO] [minecraft/MinecraftServer]: Saving players
[22:18:29] [Server thread/INFO] [minecraft/MinecraftServer]: Saving worlds
[22:18:29] [Server thread/INFO] [minecraft/MinecraftServer]: Saving chunks for level 'ServerLevel[test]'/minecraft:overworld
[22:18:29] [Server thread/INFO] [minecraft/MinecraftServer]: Saving chunks for level 'ServerLevel[test]'/minecraft:the_end
[22:18:29] [Server thread/INFO] [minecraft/MinecraftServer]: Saving chunks for level 'ServerLevel[test]'/minecraft:the_nether
[22:18:29] [Server thread/DEBUG] [ne.ne.ne.co.CommonHooks/WP]: Gathered mod list to write to world save test
[22:18:29] [Server thread/INFO] [minecraft/MinecraftServer]: ThreadedAnvilChunkStorage (test): All chunks are saved
[22:18:29] [Server thread/INFO] [minecraft/MinecraftServer]: ThreadedAnvilChunkStorage (DIM1): All chunks are saved
[22:18:29] [Server thread/INFO] [minecraft/MinecraftServer]: ThreadedAnvilChunkStorage (DIM-1): All chunks are saved
[22:18:29] [Server thread/INFO] [minecraft/MinecraftServer]: ThreadedAnvilChunkStorage: All dimensions are saved
[22:18:29] [Server thread/DEBUG] [ne.ne.fm.co.ConfigTracker/CONFIG]: Unloading configs type SERVER

BUILD SUCCESSFUL in 3m 49s
28 actionable tasks: 1 executed, 27 up-to-date
Configuration cache entry reused.
